Warning[205] F:\UNIVERSITY WORKS\3 RD YEAR\5 TH SEMESTER\EE322 EMBEDDED SYSTEMS DESIGN\PROJECT\G07_AUTOMATED_COOLING_SYSTEM\EE322_EMBEDDED SYETEMS_PROJECT_G07.X\G07_AUTOMATED_COOLING_SYSTEM.ASM 8 : Found directive in column 1. (list)
Warning[205] F:\UNIVERSITY WORKS\3 RD YEAR\5 TH SEMESTER\EE322 EMBEDDED SYSTEMS DESIGN\PROJECT\G07_AUTOMATED_COOLING_SYSTEM\EE322_EMBEDDED SYETEMS_PROJECT_G07.X\G07_AUTOMATED_COOLING_SYSTEM.ASM 11 : Found directive in column 1. (org)
Warning[203] F:\UNIVERSITY WORKS\3 RD YEAR\5 TH SEMESTER\EE322 EMBEDDED SYSTEMS DESIGN\PROJECT\G07_AUTOMATED_COOLING_SYSTEM\EE322_EMBEDDED SYETEMS_PROJECT_G07.X\G07_AUTOMATED_COOLING_SYSTEM.ASM 32 : Found opcode in column 1. (bcf)
Warning[203] F:\UNIVERSITY WORKS\3 RD YEAR\5 TH SEMESTER\EE322 EMBEDDED SYSTEMS DESIGN\PROJECT\G07_AUTOMATED_COOLING_SYSTEM\EE322_EMBEDDED SYETEMS_PROJECT_G07.X\G07_AUTOMATED_COOLING_SYSTEM.ASM 33 : Found opcode in column 1. (bsf)
Warning[203] F:\UNIVERSITY WORKS\3 RD YEAR\5 TH SEMESTER\EE322 EMBEDDED SYSTEMS DESIGN\PROJECT\G07_AUTOMATED_COOLING_SYSTEM\EE322_EMBEDDED SYETEMS_PROJECT_G07.X\G07_AUTOMATED_COOLING_SYSTEM.ASM 34 : Found opcode in column 1. (clrf)
Message[302] F:\UNIVERSITY WORKS\3 RD YEAR\5 TH SEMESTER\EE322 EMBEDDED SYSTEMS DESIGN\PROJECT\G07_AUTOMATED_COOLING_SYSTEM\EE322_EMBEDDED SYETEMS_PROJECT_G07.X\G07_AUTOMATED_COOLING_SYSTEM.ASM 34 : Register in operand not in bank 0.  Ensure that bank bits are correct.
Warning[203] F:\UNIVERSITY WORKS\3 RD YEAR\5 TH SEMESTER\EE322 EMBEDDED SYSTEMS DESIGN\PROJECT\G07_AUTOMATED_COOLING_SYSTEM\EE322_EMBEDDED SYETEMS_PROJECT_G07.X\G07_AUTOMATED_COOLING_SYSTEM.ASM 35 : Found opcode in column 1. (clrf)
Message[302] F:\UNIVERSITY WORKS\3 RD YEAR\5 TH SEMESTER\EE322 EMBEDDED SYSTEMS DESIGN\PROJECT\G07_AUTOMATED_COOLING_SYSTEM\EE322_EMBEDDED SYETEMS_PROJECT_G07.X\G07_AUTOMATED_COOLING_SYSTEM.ASM 35 : Register in operand not in bank 0.  Ensure that bank bits are correct.
Warning[203] F:\UNIVERSITY WORKS\3 RD YEAR\5 TH SEMESTER\EE322 EMBEDDED SYSTEMS DESIGN\PROJECT\G07_AUTOMATED_COOLING_SYSTEM\EE322_EMBEDDED SYETEMS_PROJECT_G07.X\G07_AUTOMATED_COOLING_SYSTEM.ASM 36 : Found opcode in column 1. (bcf)
Warning[203] F:\UNIVERSITY WORKS\3 RD YEAR\5 TH SEMESTER\EE322 EMBEDDED SYSTEMS DESIGN\PROJECT\G07_AUTOMATED_COOLING_SYSTEM\EE322_EMBEDDED SYETEMS_PROJECT_G07.X\G07_AUTOMATED_COOLING_SYSTEM.ASM 37 : Found opcode in column 1. (clrf)
Warning[203] F:\UNIVERSITY WORKS\3 RD YEAR\5 TH SEMESTER\EE322 EMBEDDED SYSTEMS DESIGN\PROJECT\G07_AUTOMATED_COOLING_SYSTEM\EE322_EMBEDDED SYETEMS_PROJECT_G07.X\G07_AUTOMATED_COOLING_SYSTEM.ASM 38 : Found opcode in column 1. (clrf)
Warning[203] F:\UNIVERSITY WORKS\3 RD YEAR\5 TH SEMESTER\EE322 EMBEDDED SYSTEMS DESIGN\PROJECT\G07_AUTOMATED_COOLING_SYSTEM\EE322_EMBEDDED SYETEMS_PROJECT_G07.X\G07_AUTOMATED_COOLING_SYSTEM.ASM 41 : Found opcode in column 1. (bsf)
Warning[203] F:\UNIVERSITY WORKS\3 RD YEAR\5 TH SEMESTER\EE322 EMBEDDED SYSTEMS DESIGN\PROJECT\G07_AUTOMATED_COOLING_SYSTEM\EE322_EMBEDDED SYETEMS_PROJECT_G07.X\G07_AUTOMATED_COOLING_SYSTEM.ASM 42 : Found opcode in column 1. (movlw)
Warning[203] F:\UNIVERSITY WORKS\3 RD YEAR\5 TH SEMESTER\EE322 EMBEDDED SYSTEMS DESIGN\PROJECT\G07_AUTOMATED_COOLING_SYSTEM\EE322_EMBEDDED SYETEMS_PROJECT_G07.X\G07_AUTOMATED_COOLING_SYSTEM.ASM 43 : Found opcode in column 1. (movwf)
Message[302] F:\UNIVERSITY WORKS\3 RD YEAR\5 TH SEMESTER\EE322 EMBEDDED SYSTEMS DESIGN\PROJECT\G07_AUTOMATED_COOLING_SYSTEM\EE322_EMBEDDED SYETEMS_PROJECT_G07.X\G07_AUTOMATED_COOLING_SYSTEM.ASM 43 : Register in operand not in bank 0.  Ensure that bank bits are correct.
Warning[203] F:\UNIVERSITY WORKS\3 RD YEAR\5 TH SEMESTER\EE322 EMBEDDED SYSTEMS DESIGN\PROJECT\G07_AUTOMATED_COOLING_SYSTEM\EE322_EMBEDDED SYETEMS_PROJECT_G07.X\G07_AUTOMATED_COOLING_SYSTEM.ASM 44 : Found opcode in column 1. (movlw)
Warning[203] F:\UNIVERSITY WORKS\3 RD YEAR\5 TH SEMESTER\EE322 EMBEDDED SYSTEMS DESIGN\PROJECT\G07_AUTOMATED_COOLING_SYSTEM\EE322_EMBEDDED SYETEMS_PROJECT_G07.X\G07_AUTOMATED_COOLING_SYSTEM.ASM 45 : Found opcode in column 1. (movwf)
Message[302] F:\UNIVERSITY WORKS\3 RD YEAR\5 TH SEMESTER\EE322 EMBEDDED SYSTEMS DESIGN\PROJECT\G07_AUTOMATED_COOLING_SYSTEM\EE322_EMBEDDED SYETEMS_PROJECT_G07.X\G07_AUTOMATED_COOLING_SYSTEM.ASM 45 : Register in operand not in bank 0.  Ensure that bank bits are correct.
Warning[203] F:\UNIVERSITY WORKS\3 RD YEAR\5 TH SEMESTER\EE322 EMBEDDED SYSTEMS DESIGN\PROJECT\G07_AUTOMATED_COOLING_SYSTEM\EE322_EMBEDDED SYETEMS_PROJECT_G07.X\G07_AUTOMATED_COOLING_SYSTEM.ASM 47 : Found opcode in column 1. (bcf)
Warning[203] F:\UNIVERSITY WORKS\3 RD YEAR\5 TH SEMESTER\EE322 EMBEDDED SYSTEMS DESIGN\PROJECT\G07_AUTOMATED_COOLING_SYSTEM\EE322_EMBEDDED SYETEMS_PROJECT_G07.X\G07_AUTOMATED_COOLING_SYSTEM.ASM 48 : Found opcode in column 1. (movlw)
Warning[203] F:\UNIVERSITY WORKS\3 RD YEAR\5 TH SEMESTER\EE322 EMBEDDED SYSTEMS DESIGN\PROJECT\G07_AUTOMATED_COOLING_SYSTEM\EE322_EMBEDDED SYETEMS_PROJECT_G07.X\G07_AUTOMATED_COOLING_SYSTEM.ASM 49 : Found opcode in column 1. (movwf)
Warning[203] F:\UNIVERSITY WORKS\3 RD YEAR\5 TH SEMESTER\EE322 EMBEDDED SYSTEMS DESIGN\PROJECT\G07_AUTOMATED_COOLING_SYSTEM\EE322_EMBEDDED SYETEMS_PROJECT_G07.X\G07_AUTOMATED_COOLING_SYSTEM.ASM 53 : Found opcode in column 1. (bsf)
Warning[203] F:\UNIVERSITY WORKS\3 RD YEAR\5 TH SEMESTER\EE322 EMBEDDED SYSTEMS DESIGN\PROJECT\G07_AUTOMATED_COOLING_SYSTEM\EE322_EMBEDDED SYETEMS_PROJECT_G07.X\G07_AUTOMATED_COOLING_SYSTEM.ASM 54 : Found opcode in column 1. (movlw)
Warning[203] F:\UNIVERSITY WORKS\3 RD YEAR\5 TH SEMESTER\EE322 EMBEDDED SYSTEMS DESIGN\PROJECT\G07_AUTOMATED_COOLING_SYSTEM\EE322_EMBEDDED SYETEMS_PROJECT_G07.X\G07_AUTOMATED_COOLING_SYSTEM.ASM 55 : Found opcode in column 1. (movwf)
Message[302] F:\UNIVERSITY WORKS\3 RD YEAR\5 TH SEMESTER\EE322 EMBEDDED SYSTEMS DESIGN\PROJECT\G07_AUTOMATED_COOLING_SYSTEM\EE322_EMBEDDED SYETEMS_PROJECT_G07.X\G07_AUTOMATED_COOLING_SYSTEM.ASM 55 : Register in operand not in bank 0.  Ensure that bank bits are correct.
Warning[203] F:\UNIVERSITY WORKS\3 RD YEAR\5 TH SEMESTER\EE322 EMBEDDED SYSTEMS DESIGN\PROJECT\G07_AUTOMATED_COOLING_SYSTEM\EE322_EMBEDDED SYETEMS_PROJECT_G07.X\G07_AUTOMATED_COOLING_SYSTEM.ASM 56 : Found opcode in column 1. (clrf)
Message[302] F:\UNIVERSITY WORKS\3 RD YEAR\5 TH SEMESTER\EE322 EMBEDDED SYSTEMS DESIGN\PROJECT\G07_AUTOMATED_COOLING_SYSTEM\EE322_EMBEDDED SYETEMS_PROJECT_G07.X\G07_AUTOMATED_COOLING_SYSTEM.ASM 56 : Register in operand not in bank 0.  Ensure that bank bits are correct.
Warning[203] F:\UNIVERSITY WORKS\3 RD YEAR\5 TH SEMESTER\EE322 EMBEDDED SYSTEMS DESIGN\PROJECT\G07_AUTOMATED_COOLING_SYSTEM\EE322_EMBEDDED SYETEMS_PROJECT_G07.X\G07_AUTOMATED_COOLING_SYSTEM.ASM 57 : Found opcode in column 1. (bcf)
Warning[203] F:\UNIVERSITY WORKS\3 RD YEAR\5 TH SEMESTER\EE322 EMBEDDED SYSTEMS DESIGN\PROJECT\G07_AUTOMATED_COOLING_SYSTEM\EE322_EMBEDDED SYETEMS_PROJECT_G07.X\G07_AUTOMATED_COOLING_SYSTEM.ASM 58 : Found opcode in column 1. (clrf)
Warning[203] F:\UNIVERSITY WORKS\3 RD YEAR\5 TH SEMESTER\EE322 EMBEDDED SYSTEMS DESIGN\PROJECT\G07_AUTOMATED_COOLING_SYSTEM\EE322_EMBEDDED SYETEMS_PROJECT_G07.X\G07_AUTOMATED_COOLING_SYSTEM.ASM 59 : Found opcode in column 1. (bcf)
Warning[203] F:\UNIVERSITY WORKS\3 RD YEAR\5 TH SEMESTER\EE322 EMBEDDED SYSTEMS DESIGN\PROJECT\G07_AUTOMATED_COOLING_SYSTEM\EE322_EMBEDDED SYETEMS_PROJECT_G07.X\G07_AUTOMATED_COOLING_SYSTEM.ASM 60 : Found opcode in column 1. (bsf)
Warning[203] F:\UNIVERSITY WORKS\3 RD YEAR\5 TH SEMESTER\EE322 EMBEDDED SYSTEMS DESIGN\PROJECT\G07_AUTOMATED_COOLING_SYSTEM\EE322_EMBEDDED SYETEMS_PROJECT_G07.X\G07_AUTOMATED_COOLING_SYSTEM.ASM 61 : Found opcode in column 1. (clrf)
Warning[203] F:\UNIVERSITY WORKS\3 RD YEAR\5 TH SEMESTER\EE322 EMBEDDED SYSTEMS DESIGN\PROJECT\G07_AUTOMATED_COOLING_SYSTEM\EE322_EMBEDDED SYETEMS_PROJECT_G07.X\G07_AUTOMATED_COOLING_SYSTEM.ASM 62 : Found opcode in column 1. (clrf)
Warning[203] F:\UNIVERSITY WORKS\3 RD YEAR\5 TH SEMESTER\EE322 EMBEDDED SYSTEMS DESIGN\PROJECT\G07_AUTOMATED_COOLING_SYSTEM\EE322_EMBEDDED SYETEMS_PROJECT_G07.X\G07_AUTOMATED_COOLING_SYSTEM.ASM 63 : Found opcode in column 1. (movlw)
Warning[203] F:\UNIVERSITY WORKS\3 RD YEAR\5 TH SEMESTER\EE322 EMBEDDED SYSTEMS DESIGN\PROJECT\G07_AUTOMATED_COOLING_SYSTEM\EE322_EMBEDDED SYETEMS_PROJECT_G07.X\G07_AUTOMATED_COOLING_SYSTEM.ASM 64 : Found opcode in column 1. (bsf)
Warning[203] F:\UNIVERSITY WORKS\3 RD YEAR\5 TH SEMESTER\EE322 EMBEDDED SYSTEMS DESIGN\PROJECT\G07_AUTOMATED_COOLING_SYSTEM\EE322_EMBEDDED SYETEMS_PROJECT_G07.X\G07_AUTOMATED_COOLING_SYSTEM.ASM 65 : Found opcode in column 1. (movwf)
Message[302] F:\UNIVERSITY WORKS\3 RD YEAR\5 TH SEMESTER\EE322 EMBEDDED SYSTEMS DESIGN\PROJECT\G07_AUTOMATED_COOLING_SYSTEM\EE322_EMBEDDED SYETEMS_PROJECT_G07.X\G07_AUTOMATED_COOLING_SYSTEM.ASM 65 : Register in operand not in bank 0.  Ensure that bank bits are correct.
Warning[203] F:\UNIVERSITY WORKS\3 RD YEAR\5 TH SEMESTER\EE322 EMBEDDED SYSTEMS DESIGN\PROJECT\G07_AUTOMATED_COOLING_SYSTEM\EE322_EMBEDDED SYETEMS_PROJECT_G07.X\G07_AUTOMATED_COOLING_SYSTEM.ASM 66 : Found opcode in column 1. (bcf)
Warning[203] F:\UNIVERSITY WORKS\3 RD YEAR\5 TH SEMESTER\EE322 EMBEDDED SYSTEMS DESIGN\PROJECT\G07_AUTOMATED_COOLING_SYSTEM\EE322_EMBEDDED SYETEMS_PROJECT_G07.X\G07_AUTOMATED_COOLING_SYSTEM.ASM 67 : Found opcode in column 1. (bsf)
Warning[203] F:\UNIVERSITY WORKS\3 RD YEAR\5 TH SEMESTER\EE322 EMBEDDED SYSTEMS DESIGN\PROJECT\G07_AUTOMATED_COOLING_SYSTEM\EE322_EMBEDDED SYETEMS_PROJECT_G07.X\G07_AUTOMATED_COOLING_SYSTEM.ASM 69 : Found opcode in column 1. (call)
Warning[203] F:\UNIVERSITY WORKS\3 RD YEAR\5 TH SEMESTER\EE322 EMBEDDED SYSTEMS DESIGN\PROJECT\G07_AUTOMATED_COOLING_SYSTEM\EE322_EMBEDDED SYETEMS_PROJECT_G07.X\G07_AUTOMATED_COOLING_SYSTEM.ASM 70 : Found opcode in column 1. (call)
Warning[203] F:\UNIVERSITY WORKS\3 RD YEAR\5 TH SEMESTER\EE322 EMBEDDED SYSTEMS DESIGN\PROJECT\G07_AUTOMATED_COOLING_SYSTEM\EE322_EMBEDDED SYETEMS_PROJECT_G07.X\G07_AUTOMATED_COOLING_SYSTEM.ASM 72 : Found opcode in column 1. (movlw)
Warning[203] F:\UNIVERSITY WORKS\3 RD YEAR\5 TH SEMESTER\EE322 EMBEDDED SYSTEMS DESIGN\PROJECT\G07_AUTOMATED_COOLING_SYSTEM\EE322_EMBEDDED SYETEMS_PROJECT_G07.X\G07_AUTOMATED_COOLING_SYSTEM.ASM 73 : Found opcode in column 1. (call)
Warning[203] F:\UNIVERSITY WORKS\3 RD YEAR\5 TH SEMESTER\EE322 EMBEDDED SYSTEMS DESIGN\PROJECT\G07_AUTOMATED_COOLING_SYSTEM\EE322_EMBEDDED SYETEMS_PROJECT_G07.X\G07_AUTOMATED_COOLING_SYSTEM.ASM 74 : Found opcode in column 1. (movlw)
Warning[203] F:\UNIVERSITY WORKS\3 RD YEAR\5 TH SEMESTER\EE322 EMBEDDED SYSTEMS DESIGN\PROJECT\G07_AUTOMATED_COOLING_SYSTEM\EE322_EMBEDDED SYETEMS_PROJECT_G07.X\G07_AUTOMATED_COOLING_SYSTEM.ASM 75 : Found opcode in column 1. (call)
Warning[203] F:\UNIVERSITY WORKS\3 RD YEAR\5 TH SEMESTER\EE322 EMBEDDED SYSTEMS DESIGN\PROJECT\G07_AUTOMATED_COOLING_SYSTEM\EE322_EMBEDDED SYETEMS_PROJECT_G07.X\G07_AUTOMATED_COOLING_SYSTEM.ASM 76 : Found opcode in column 1. (movlw)
Warning[203] F:\UNIVERSITY WORKS\3 RD YEAR\5 TH SEMESTER\EE322 EMBEDDED SYSTEMS DESIGN\PROJECT\G07_AUTOMATED_COOLING_SYSTEM\EE322_EMBEDDED SYETEMS_PROJECT_G07.X\G07_AUTOMATED_COOLING_SYSTEM.ASM 77 : Found opcode in column 1. (call)
Warning[203] F:\UNIVERSITY WORKS\3 RD YEAR\5 TH SEMESTER\EE322 EMBEDDED SYSTEMS DESIGN\PROJECT\G07_AUTOMATED_COOLING_SYSTEM\EE322_EMBEDDED SYETEMS_PROJECT_G07.X\G07_AUTOMATED_COOLING_SYSTEM.ASM 78 : Found opcode in column 1. (movlw)
Warning[203] F:\UNIVERSITY WORKS\3 RD YEAR\5 TH SEMESTER\EE322 EMBEDDED SYSTEMS DESIGN\PROJECT\G07_AUTOMATED_COOLING_SYSTEM\EE322_EMBEDDED SYETEMS_PROJECT_G07.X\G07_AUTOMATED_COOLING_SYSTEM.ASM 79 : Found opcode in column 1. (call)
Warning[203] F:\UNIVERSITY WORKS\3 RD YEAR\5 TH SEMESTER\EE322 EMBEDDED SYSTEMS DESIGN\PROJECT\G07_AUTOMATED_COOLING_SYSTEM\EE322_EMBEDDED SYETEMS_PROJECT_G07.X\G07_AUTOMATED_COOLING_SYSTEM.ASM 80 : Found opcode in column 1. (movlw)
Warning[203] F:\UNIVERSITY WORKS\3 RD YEAR\5 TH SEMESTER\EE322 EMBEDDED SYSTEMS DESIGN\PROJECT\G07_AUTOMATED_COOLING_SYSTEM\EE322_EMBEDDED SYETEMS_PROJECT_G07.X\G07_AUTOMATED_COOLING_SYSTEM.ASM 81 : Found opcode in column 1. (call)
Warning[203] F:\UNIVERSITY WORKS\3 RD YEAR\5 TH SEMESTER\EE322 EMBEDDED SYSTEMS DESIGN\PROJECT\G07_AUTOMATED_COOLING_SYSTEM\EE322_EMBEDDED SYETEMS_PROJECT_G07.X\G07_AUTOMATED_COOLING_SYSTEM.ASM 82 : Found opcode in column 1. (movlw)
Warning[203] F:\UNIVERSITY WORKS\3 RD YEAR\5 TH SEMESTER\EE322 EMBEDDED SYSTEMS DESIGN\PROJECT\G07_AUTOMATED_COOLING_SYSTEM\EE322_EMBEDDED SYETEMS_PROJECT_G07.X\G07_AUTOMATED_COOLING_SYSTEM.ASM 83 : Found opcode in column 1. (call)
Warning[203] F:\UNIVERSITY WORKS\3 RD YEAR\5 TH SEMESTER\EE322 EMBEDDED SYSTEMS DESIGN\PROJECT\G07_AUTOMATED_COOLING_SYSTEM\EE322_EMBEDDED SYETEMS_PROJECT_G07.X\G07_AUTOMATED_COOLING_SYSTEM.ASM 84 : Found opcode in column 1. (movlw)
Warning[203] F:\UNIVERSITY WORKS\3 RD YEAR\5 TH SEMESTER\EE322 EMBEDDED SYSTEMS DESIGN\PROJECT\G07_AUTOMATED_COOLING_SYSTEM\EE322_EMBEDDED SYETEMS_PROJECT_G07.X\G07_AUTOMATED_COOLING_SYSTEM.ASM 85 : Found opcode in column 1. (call)
Warning[203] F:\UNIVERSITY WORKS\3 RD YEAR\5 TH SEMESTER\EE322 EMBEDDED SYSTEMS DESIGN\PROJECT\G07_AUTOMATED_COOLING_SYSTEM\EE322_EMBEDDED SYETEMS_PROJECT_G07.X\G07_AUTOMATED_COOLING_SYSTEM.ASM 86 : Found opcode in column 1. (movlw)
Warning[203] F:\UNIVERSITY WORKS\3 RD YEAR\5 TH SEMESTER\EE322 EMBEDDED SYSTEMS DESIGN\PROJECT\G07_AUTOMATED_COOLING_SYSTEM\EE322_EMBEDDED SYETEMS_PROJECT_G07.X\G07_AUTOMATED_COOLING_SYSTEM.ASM 87 : Found opcode in column 1. (call)
Warning[203] F:\UNIVERSITY WORKS\3 RD YEAR\5 TH SEMESTER\EE322 EMBEDDED SYSTEMS DESIGN\PROJECT\G07_AUTOMATED_COOLING_SYSTEM\EE322_EMBEDDED SYETEMS_PROJECT_G07.X\G07_AUTOMATED_COOLING_SYSTEM.ASM 88 : Found opcode in column 1. (movlw)
Warning[203] F:\UNIVERSITY WORKS\3 RD YEAR\5 TH SEMESTER\EE322 EMBEDDED SYSTEMS DESIGN\PROJECT\G07_AUTOMATED_COOLING_SYSTEM\EE322_EMBEDDED SYETEMS_PROJECT_G07.X\G07_AUTOMATED_COOLING_SYSTEM.ASM 89 : Found opcode in column 1. (call)
Warning[203] F:\UNIVERSITY WORKS\3 RD YEAR\5 TH SEMESTER\EE322 EMBEDDED SYSTEMS DESIGN\PROJECT\G07_AUTOMATED_COOLING_SYSTEM\EE322_EMBEDDED SYETEMS_PROJECT_G07.X\G07_AUTOMATED_COOLING_SYSTEM.ASM 90 : Found opcode in column 1. (movlw)
Warning[203] F:\UNIVERSITY WORKS\3 RD YEAR\5 TH SEMESTER\EE322 EMBEDDED SYSTEMS DESIGN\PROJECT\G07_AUTOMATED_COOLING_SYSTEM\EE322_EMBEDDED SYETEMS_PROJECT_G07.X\G07_AUTOMATED_COOLING_SYSTEM.ASM 91 : Found opcode in column 1. (call)
Warning[203] F:\UNIVERSITY WORKS\3 RD YEAR\5 TH SEMESTER\EE322 EMBEDDED SYSTEMS DESIGN\PROJECT\G07_AUTOMATED_COOLING_SYSTEM\EE322_EMBEDDED SYETEMS_PROJECT_G07.X\G07_AUTOMATED_COOLING_SYSTEM.ASM 92 : Found opcode in column 1. (movlw)
Warning[203] F:\UNIVERSITY WORKS\3 RD YEAR\5 TH SEMESTER\EE322 EMBEDDED SYSTEMS DESIGN\PROJECT\G07_AUTOMATED_COOLING_SYSTEM\EE322_EMBEDDED SYETEMS_PROJECT_G07.X\G07_AUTOMATED_COOLING_SYSTEM.ASM 93 : Found opcode in column 1. (call)
Warning[203] F:\UNIVERSITY WORKS\3 RD YEAR\5 TH SEMESTER\EE322 EMBEDDED SYSTEMS DESIGN\PROJECT\G07_AUTOMATED_COOLING_SYSTEM\EE322_EMBEDDED SYETEMS_PROJECT_G07.X\G07_AUTOMATED_COOLING_SYSTEM.ASM 94 : Found opcode in column 1. (movlw)
Warning[203] F:\UNIVERSITY WORKS\3 RD YEAR\5 TH SEMESTER\EE322 EMBEDDED SYSTEMS DESIGN\PROJECT\G07_AUTOMATED_COOLING_SYSTEM\EE322_EMBEDDED SYETEMS_PROJECT_G07.X\G07_AUTOMATED_COOLING_SYSTEM.ASM 95 : Found opcode in column 1. (call)
Warning[207] F:\UNIVERSITY WORKS\3 RD YEAR\5 TH SEMESTER\EE322 EMBEDDED SYSTEMS DESIGN\PROJECT\G07_AUTOMATED_COOLING_SYSTEM\EE322_EMBEDDED SYETEMS_PROJECT_G07.X\G07_AUTOMATED_COOLING_SYSTEM.ASM 100 : Found label after column 1. (adcloop)
Message[302] F:\UNIVERSITY WORKS\3 RD YEAR\5 TH SEMESTER\EE322 EMBEDDED SYSTEMS DESIGN\PROJECT\G07_AUTOMATED_COOLING_SYSTEM\EE322_EMBEDDED SYETEMS_PROJECT_G07.X\G07_AUTOMATED_COOLING_SYSTEM.ASM 104 : Register in operand not in bank 0.  Ensure that bank bits are correct.
Warning[207] F:\UNIVERSITY WORKS\3 RD YEAR\5 TH SEMESTER\EE322 EMBEDDED SYSTEMS DESIGN\PROJECT\G07_AUTOMATED_COOLING_SYSTEM\EE322_EMBEDDED SYETEMS_PROJECT_G07.X\G07_AUTOMATED_COOLING_SYSTEM.ASM 113 : Found label after column 1. (gettens)
Warning[207] F:\UNIVERSITY WORKS\3 RD YEAR\5 TH SEMESTER\EE322 EMBEDDED SYSTEMS DESIGN\PROJECT\G07_AUTOMATED_COOLING_SYSTEM\EE322_EMBEDDED SYETEMS_PROJECT_G07.X\G07_AUTOMATED_COOLING_SYSTEM.ASM 125 : Found label after column 1. (getones)
Warning[207] F:\UNIVERSITY WORKS\3 RD YEAR\5 TH SEMESTER\EE322 EMBEDDED SYSTEMS DESIGN\PROJECT\G07_AUTOMATED_COOLING_SYSTEM\EE322_EMBEDDED SYETEMS_PROJECT_G07.X\G07_AUTOMATED_COOLING_SYSTEM.ASM 220 : Found label after column 1. (comparison1)
Warning[207] F:\UNIVERSITY WORKS\3 RD YEAR\5 TH SEMESTER\EE322 EMBEDDED SYSTEMS DESIGN\PROJECT\G07_AUTOMATED_COOLING_SYSTEM\EE322_EMBEDDED SYETEMS_PROJECT_G07.X\G07_AUTOMATED_COOLING_SYSTEM.ASM 229 : Found label after column 1. (comparison2)
Warning[207] F:\UNIVERSITY WORKS\3 RD YEAR\5 TH SEMESTER\EE322 EMBEDDED SYSTEMS DESIGN\PROJECT\G07_AUTOMATED_COOLING_SYSTEM\EE322_EMBEDDED SYETEMS_PROJECT_G07.X\G07_AUTOMATED_COOLING_SYSTEM.ASM 238 : Found label after column 1. (comparison3)
Warning[207] F:\UNIVERSITY WORKS\3 RD YEAR\5 TH SEMESTER\EE322 EMBEDDED SYSTEMS DESIGN\PROJECT\G07_AUTOMATED_COOLING_SYSTEM\EE322_EMBEDDED SYETEMS_PROJECT_G07.X\G07_AUTOMATED_COOLING_SYSTEM.ASM 247 : Found label after column 1. (comparison4)
Warning[207] F:\UNIVERSITY WORKS\3 RD YEAR\5 TH SEMESTER\EE322 EMBEDDED SYSTEMS DESIGN\PROJECT\G07_AUTOMATED_COOLING_SYSTEM\EE322_EMBEDDED SYETEMS_PROJECT_G07.X\G07_AUTOMATED_COOLING_SYSTEM.ASM 256 : Found label after column 1. (comparison5)
Warning[205] F:\UNIVERSITY WORKS\3 RD YEAR\5 TH SEMESTER\EE322 EMBEDDED SYSTEMS DESIGN\PROJECT\G07_AUTOMATED_COOLING_SYSTEM\EE322_EMBEDDED SYETEMS_PROJECT_G07.X\G07_AUTOMATED_COOLING_SYSTEM.ASM 335 : Found directive in column 1. (end)
